Starting audit...
Audit done.
Starting audit...
[ERROR] E:\ADS2\ADS 2 - Assignments\m18\ADS-2Exam-3\BinarySearchST.java:0: File does not end with a newline. [NewlineAtEndOfFile]
Audit done.
Checkstyle ends with 1 errors.
Starting audit...
Audit done.
Starting audit...
Audit done.
Starting audit...
Audit done.
Starting audit...
[ERROR] E:\ADS2\ADS 2 - Assignments\m18\ADS-2Exam-3\Solution.java:0: File does not end with a newline. [NewlineAtEndOfFile]
[ERROR] E:\ADS2\ADS 2 - Assignments\m18\ADS-2Exam-3\Solution.java:149:5: Redundant 'public' modifier. [RedundantModifier]
Audit done.
Checkstyle ends with 2 errors.
Starting audit...
Audit done.
